02/10/2021 12:49:15 : [DEBUG] : Chemin invalide ou existant : C:\Program Files (x86)\Mozilla Firefox\firefox.exe
02/10/2021 12:52:01 : [DEBUG] : Chemin invalide ou existant : C:\Program Files (x86)\Mozilla Firefox\firefox.exe
02/10/2021 12:52:02 : [WARN ] : Accès refusé.

Accès refusé.

02/10/2021 12:52:02 : [ERROR] :    à Windows.Management.Deployment.PackageManager.FindPackages()
   à FwRulesRepair.business.RepairWindowApp.Treat() dans E:\CSharp\Projects\FwRulesRepair\FwRulesRepair\business\RepairWindowApp.cs:ligne 54
02/10/2021 12:52:02 : [DEBUG] : Chemin invalide ou existant : C:\Program Files (x86)\Mozilla Firefox\firefox.exe
02/10/2021 12:52:02 : [DEBUG] : Chemin invalide ou existant : C:\Program Files (x86)\Notepad++\notepad++.exe
02/10/2021 12:52:02 : [DEBUG] : Chemin invalide ou existant : C:\WINDOWS\system32\svchost.exe
02/10/2021 12:52:02 : [DEBUG] : Chemin invalide ou existant : SYSTEM
02/10/2021 12:52:02 : [DEBUG] : Chemin invalide ou existant : SYSTEM
02/10/2021 12:52:02 : [DEBUG] : Chemin invalide ou existant : C:\WINDOWS\system32\svchost.exe
02/10/2021 12:52:02 : [DEBUG] : Chemin invalide ou existant : SYSTEM
02/10/2021 12:52:02 : [DEBUG] : Chemin invalide ou existant : C:\WINDOWS\system32\svchost.exe
02/10/2021 12:52:02 : [DEBUG] : Chemin invalide ou existant : C:\WINDOWS\system32\svchost.exe
02/10/2021 12:52:02 : [DEBUG] : Chemin invalide ou existant : C:\WINDOWS\system32\svchost.exe
02/10/2021 12:52:02 : [DEBUG] : Chemin invalide ou existant : C:\WINDOWS\system32\svchost.exe
02/10/2021 12:52:02 : [DEBUG] : Chemin invalide ou existant : C:\WINDOWS\system32\svchost.exe
02/10/2021 12:52:02 : [DEBUG] : Chemin invalide ou existant : C:\WINDOWS\system32\svchost.exe
02/10/2021 12:52:02 : [DEBUG] : Chemin invalide ou existant : C:\WINDOWS\system32\svchost.exe
02/10/2021 12:52:02 : [DEBUG] : Chemin invalide ou existant : C:\WINDOWS\system32\svchost.exe
02/10/2021 12:52:02 : [DEBUG] : Chemin invalide ou existant : C:\WINDOWS\system32\svchost.exe
02/10/2021 12:52:02 : [DEBUG] : Chemin invalide ou existant : C:\WINDOWS\system32\svchost.exe
02/10/2021 12:52:02 : [DEBUG] : Chemin invalide ou existant : C:\WINDOWS\system32\svchost.exe
02/10/2021 12:52:02 : [DEBUG] : Chemin invalide ou existant : C:\WINDOWS\system32\svchost.exe
02/10/2021 12:52:02 : [DEBUG] : Chemin invalide ou existant : C:\WINDOWS\system32\svchost.exe
02/10/2021 12:52:02 : [DEBUG] : Chemin invalide ou existant : C:\Program Files\Windows Media Player\wmpnetwk.exe
02/10/2021 12:52:02 : [DEBUG] : Chemin invalide ou existant : C:\Program Files\Windows Media Player\wmpnetwk.exe
02/10/2021 12:52:02 : [DEBUG] : Chemin invalide ou existant : C:\Program Files\Windows Media Player\wmplayer.exe
02/10/2021 12:52:02 : [DEBUG] : Chemin invalide ou existant : C:\Program Files\Windows Media Player\wmplayer.exe
02/10/2021 12:52:02 : [DEBUG] : Chemin invalide ou existant : System
02/10/2021 12:52:02 : [DEBUG] : Chemin invalide ou existant : System
02/10/2021 12:52:02 : [DEBUG] : Chemin invalide ou existant : C:\WINDOWS\system32\svchost.exe
02/10/2021 12:52:02 : [DEBUG] : Chemin invalide ou existant : C:\WINDOWS\system32\svchost.exe
02/10/2021 12:52:02 : [DEBUG] : Chemin invalide ou existant : C:\WINDOWS\system32\svchost.exe
02/10/2021 12:52:02 : [DEBUG] : Chemin invalide ou existant : C:\Program Files\Windows Media Player\wmpnetwk.exe
02/10/2021 12:52:02 : [DEBUG] : Chemin invalide ou existant : C:\Program Files\Windows Media Player\wmpnetwk.exe
02/10/2021 12:52:02 : [DEBUG] : Chemin invalide ou existant : C:\Program Files\Windows Media Player\wmplayer.exe
02/10/2021 12:52:02 : [DEBUG] : Chemin invalide ou existant : C:\Program Files\Windows Media Player\wmplayer.exe
02/10/2021 12:52:02 : [DEBUG] : Chemin invalide ou existant : System
02/10/2021 12:52:02 : [DEBUG] : Chemin invalide ou existant : C:\WINDOWS\system32\svchost.exe
02/10/2021 12:52:02 : [DEBUG] : Chemin invalide ou existant : C:\WINDOWS\system32\svchost.exe
02/10/2021 12:52:02 : [DEBUG] : Chemin invalide ou existant : C:\Program Files\Windows Media Player\wmplayer.exe
02/10/2021 12:52:02 : [DEBUG] : Chemin invalide ou existant : C:\Program Files\Windows Media Player\wmplayer.exe
02/10/2021 12:52:02 : [DEBUG] : Chemin invalide ou existant : C:\Program Files (x86)\Windows Media Player\wmplayer.exe
02/10/2021 12:52:02 : [DEBUG] : Chemin invalide ou existant : C:\Program Files (x86)\Windows Media Player\wmplayer.exe
02/10/2021 12:52:02 : [DEBUG] : Chemin invalide ou existant : C:\WINDOWS\system32\svchost.exe
02/10/2021 12:52:02 : [DEBUG] : Chemin invalide ou existant : C:\WINDOWS\system32\svchost.exe
02/10/2021 12:52:02 : [DEBUG] : Chemin invalide ou existant : C:\WINDOWS\system32\svchost.exe
02/10/2021 12:52:02 : [DEBUG] : Chemin invalide ou existant : C:\WINDOWS\system32\svchost.exe
02/10/2021 12:52:02 : [DEBUG] : Chemin invalide ou existant : C:\WINDOWS\system32\svchost.exe
02/10/2021 12:52:02 : [DEBUG] : Chemin invalide ou existant : System
02/10/2021 12:52:02 : [DEBUG] : Chemin invalide ou existant : System
02/10/2021 12:52:02 : [DEBUG] : Chemin invalide ou existant : System
02/10/2021 12:52:02 : [DEBUG] : Chemin invalide ou existant : System
02/10/2021 12:52:02 : [DEBUG] : Chemin invalide ou existant : System
02/10/2021 12:52:02 : [DEBUG] : Chemin invalide ou existant : System
02/10/2021 12:52:02 : [DEBUG] : Chemin invalide ou existant : System
02/10/2021 12:52:02 : [DEBUG] : Chemin invalide ou existant : System
02/10/2021 12:52:02 : [DEBUG] : Chemin invalide ou existant : System
02/10/2021 12:52:02 : [DEBUG] : Chemin invalide ou existant : System
02/10/2021 12:52:02 : [DEBUG] : Chemin invalide ou existant : System
02/10/2021 12:52:02 : [DEBUG] : Chemin invalide ou existant : System
02/10/2021 12:52:02 : [DEBUG] : Chemin invalide ou existant : C:\WINDOWS\system32\svchost.exe
02/10/2021 12:52:02 : [DEBUG] : Chemin invalide ou existant : C:\WINDOWS\system32\svchost.exe
02/10/2021 12:52:02 : [DEBUG] : Chemin invalide ou existant : System
02/10/2021 12:52:02 : [DEBUG] : Chemin invalide ou existant : C:\WINDOWS\system32\svchost.exe
02/10/2021 12:52:02 : [DEBUG] : Chemin invalide ou existant : C:\WINDOWS\system32\msra.exe
02/10/2021 12:52:02 : [DEBUG] : Chemin invalide ou existant : C:\WINDOWS\system32\raserver.exe
02/10/2021 12:52:02 : [DEBUG] : Chemin invalide ou existant : C:\WINDOWS\system32\svchost.exe
02/10/2021 12:52:02 : [DEBUG] : Chemin invalide ou existant : C:\WINDOWS\system32\msra.exe
02/10/2021 12:52:02 : [DEBUG] : Chemin invalide ou existant : C:\WINDOWS\system32\svchost.exe
02/10/2021 12:52:02 : [DEBUG] : Chemin invalide ou existant : C:\WINDOWS\system32\svchost.exe
02/10/2021 12:52:02 : [DEBUG] : Chemin invalide ou existant : C:\WINDOWS\system32\svchost.exe
02/10/2021 12:52:02 : [DEBUG] : Chemin invalide ou existant : C:\WINDOWS\system32\svchost.exe
02/10/2021 12:52:02 : [DEBUG] : Chemin invalide ou existant : C:\WINDOWS\system32\svchost.exe
02/10/2021 12:52:02 : [DEBUG] : Chemin invalide ou existant : C:\WINDOWS\system32\svchost.exe
02/10/2021 12:52:02 : [DEBUG] : Chemin invalide ou existant : C:\WINDOWS\system32\svchost.exe
02/10/2021 12:52:02 : [DEBUG] : Chemin invalide ou existant : System
02/10/2021 12:52:02 : [DEBUG] : Chemin invalide ou existant : System
02/10/2021 12:52:02 : [DEBUG] : Chemin invalide ou existant : System
02/10/2021 12:52:02 : [DEBUG] : Chemin invalide ou existant : C:\WINDOWS\system32\svchost.exe
02/10/2021 12:52:02 : [DEBUG] : Chemin invalide ou existant : C:\WINDOWS\system32\svchost.exe
02/10/2021 12:52:02 : [DEBUG] : Chemin invalide ou existant : C:\WINDOWS\system32\svchost.exe
02/10/2021 12:52:02 : [DEBUG] : Chemin invalide ou existant : C:\WINDOWS\system32\svchost.exe
02/10/2021 12:52:02 : [DEBUG] : Chemin invalide ou existant : C:\WINDOWS\system32\svchost.exe
02/10/2021 12:52:02 : [DEBUG] : Chemin invalide ou existant : C:\WINDOWS\system32\svchost.exe
02/10/2021 12:52:02 : [DEBUG] : Chemin invalide ou existant : C:\WINDOWS\system32\svchost.exe
02/10/2021 12:52:02 : [DEBUG] : Chemin invalide ou existant : C:\WINDOWS\system32\svchost.exe
02/10/2021 12:52:02 : [DEBUG] : Chemin invalide ou existant : C:\WINDOWS\system32\svchost.exe
02/10/2021 12:52:02 : [DEBUG] : Chemin invalide ou existant : C:\WINDOWS\system32\svchost.exe
02/10/2021 12:52:02 : [DEBUG] : Chemin invalide ou existant : System
02/10/2021 12:52:02 : [DEBUG] : Chemin invalide ou existant : System
02/10/2021 12:52:02 : [DEBUG] : Chemin invalide ou existant : C:\WINDOWS\system32\svchost.exe
02/10/2021 12:52:02 : [DEBUG] : Chemin invalide ou existant : C:\WINDOWS\system32\svchost.exe
02/10/2021 12:52:02 : [DEBUG] : Chemin invalide ou existant : C:\WINDOWS\system32\svchost.exe
02/10/2021 12:52:02 : [DEBUG] : Chemin invalide ou existant : C:\WINDOWS\system32\svchost.exe
02/10/2021 12:52:02 : [DEBUG] : Chemin invalide ou existant : C:\WINDOWS\system32\svchost.exe
02/10/2021 12:52:02 : [DEBUG] : Chemin invalide ou existant : C:\WINDOWS\system32\svchost.exe
02/10/2021 12:52:02 : [DEBUG] : Chemin invalide ou existant : C:\WINDOWS\system32\svchost.exe
02/10/2021 12:52:02 : [DEBUG] : Chemin invalide ou existant : C:\WINDOWS\system32\svchost.exe
02/10/2021 12:52:02 : [DEBUG] : Chemin invalide ou existant : System
02/10/2021 12:52:02 : [DEBUG] : Chemin invalide ou existant : System
02/10/2021 12:52:02 : [DEBUG] : Chemin invalide ou existant : C:\WINDOWS\system32\svchost.exe
02/10/2021 12:52:02 : [DEBUG] : Chemin invalide ou existant : C:\WINDOWS\system32\svchost.exe
02/10/2021 12:52:02 : [DEBUG] : Chemin invalide ou existant : C:\WINDOWS\system32\svchost.exe
02/10/2021 12:52:02 : [DEBUG] : Chemin invalide ou existant : C:\WINDOWS\system32\svchost.exe
02/10/2021 12:52:02 : [DEBUG] : Chemin invalide ou existant : C:\WINDOWS\system32\svchost.exe
02/10/2021 12:52:02 : [DEBUG] : Chemin invalide ou existant : System
02/10/2021 12:52:02 : [DEBUG] : Chemin invalide ou existant : System
02/10/2021 12:52:02 : [DEBUG] : Chemin invalide ou existant : C:\WINDOWS\system32\svchost.exe
02/10/2021 12:52:02 : [DEBUG] : Chemin invalide ou existant : C:\WINDOWS\system32\svchost.exe
02/10/2021 12:52:02 : [DEBUG] : Chemin invalide ou existant : C:\WINDOWS\system32\svchost.exe
02/10/2021 12:52:02 : [DEBUG] : Chemin invalide ou existant : System
02/10/2021 12:52:02 : [DEBUG] : Chemin invalide ou existant : System
02/10/2021 12:52:02 : [DEBUG] : Chemin invalide ou existant : System
02/10/2021 12:52:02 : [DEBUG] : Chemin invalide ou existant : System
02/10/2021 12:52:02 : [DEBUG] : Chemin invalide ou existant : C:\WINDOWS\system32\svchost.exe
02/10/2021 12:52:02 : [DEBUG] : Chemin invalide ou existant : C:\WINDOWS\system32\svchost.exe
02/10/2021 12:52:02 : [DEBUG] : Chemin invalide ou existant : System
02/10/2021 12:52:02 : [DEBUG] : Chemin invalide ou existant : System
02/10/2021 12:52:02 : [DEBUG] : Chemin invalide ou existant : C:\WINDOWS\system32\svchost.exe
02/10/2021 12:52:02 : [DEBUG] : Chemin invalide ou existant : C:\WINDOWS\system32\svchost.exe
02/10/2021 12:52:02 : [DEBUG] : Chemin invalide ou existant : C:\WINDOWS\system32\svchost.exe
02/10/2021 12:52:02 : [DEBUG] : Chemin invalide ou existant : C:\WINDOWS\system32\svchost.exe
02/10/2021 12:52:02 : [DEBUG] : Chemin invalide ou existant : System
02/10/2021 12:52:02 : [DEBUG] : Chemin invalide ou existant : System
02/10/2021 12:52:02 : [DEBUG] : Chemin invalide ou existant : System
02/10/2021 12:52:02 : [DEBUG] : Chemin invalide ou existant : System
02/10/2021 12:52:02 : [DEBUG] : Chemin invalide ou existant : System
02/10/2021 12:52:02 : [DEBUG] : Chemin invalide ou existant : System
02/10/2021 12:52:02 : [DEBUG] : Chemin invalide ou existant : System
02/10/2021 12:52:02 : [DEBUG] : Chemin invalide ou existant : System
02/10/2021 12:52:02 : [DEBUG] : Chemin invalide ou existant : System
02/10/2021 12:52:02 : [DEBUG] : Chemin invalide ou existant : System
02/10/2021 12:52:02 : [DEBUG] : Chemin invalide ou existant : System
02/10/2021 12:52:02 : [DEBUG] : Chemin invalide ou existant : System
02/10/2021 12:52:02 : [DEBUG] : Chemin invalide ou existant : C:\WINDOWS\system32\svchost.exe
02/10/2021 12:52:02 : [DEBUG] : Chemin invalide ou existant : C:\WINDOWS\system32\svchost.exe
02/10/2021 12:52:02 : [DEBUG] : Chemin invalide ou existant : C:\WINDOWS\system32\svchost.exe
02/10/2021 12:52:02 : [DEBUG] : Chemin invalide ou existant : C:\WINDOWS\system32\svchost.exe
02/10/2021 12:52:02 : [DEBUG] : Chemin invalide ou existant : C:\WINDOWS\system32\svchost.exe
02/10/2021 12:52:02 : [DEBUG] : Chemin invalide ou existant : System
02/10/2021 12:52:02 : [DEBUG] : Chemin invalide ou existant : System
02/10/2021 12:52:29 : [DEBUG] : Chemin invalide ou existant : C:\Program Files (x86)\Mozilla Firefox\firefox.exe
02/10/2021 12:52:33 : [WARN ] : Accès refusé.

Accès refusé.

02/10/2021 12:52:33 : [ERROR] :    à Windows.Management.Deployment.PackageManager.FindPackages()
   à FwRulesRepair.business.RepairWindowApp.Treat() dans E:\CSharp\Projects\FwRulesRepair\FwRulesRepair\business\RepairWindowApp.cs:ligne 54
02/10/2021 12:52:33 : [DEBUG] : Chemin invalide ou existant : C:\Program Files (x86)\Mozilla Firefox\firefox.exe
02/10/2021 12:52:33 : [DEBUG] : Chemin invalide ou existant : C:\Program Files (x86)\Notepad++\notepad++.exe
02/10/2021 12:52:33 : [DEBUG] : Chemin invalide ou existant : C:\WINDOWS\system32\svchost.exe
02/10/2021 12:52:33 : [DEBUG] : Chemin invalide ou existant : SYSTEM
02/10/2021 12:52:33 : [DEBUG] : Chemin invalide ou existant : SYSTEM
02/10/2021 12:52:33 : [DEBUG] : Chemin invalide ou existant : C:\WINDOWS\system32\svchost.exe
02/10/2021 12:52:33 : [DEBUG] : Chemin invalide ou existant : SYSTEM
02/10/2021 12:52:33 : [DEBUG] : Chemin invalide ou existant : C:\WINDOWS\system32\svchost.exe
02/10/2021 12:52:33 : [DEBUG] : Chemin invalide ou existant : C:\WINDOWS\system32\svchost.exe
02/10/2021 12:52:33 : [DEBUG] : Chemin invalide ou existant : C:\WINDOWS\system32\svchost.exe
02/10/2021 12:52:33 : [DEBUG] : Chemin invalide ou existant : C:\WINDOWS\system32\svchost.exe
02/10/2021 12:52:33 : [DEBUG] : Chemin invalide ou existant : C:\WINDOWS\system32\svchost.exe
02/10/2021 12:52:33 : [DEBUG] : Chemin invalide ou existant : C:\WINDOWS\system32\svchost.exe
02/10/2021 12:52:33 : [DEBUG] : Chemin invalide ou existant : C:\WINDOWS\system32\svchost.exe
02/10/2021 12:52:33 : [DEBUG] : Chemin invalide ou existant : C:\WINDOWS\system32\svchost.exe
02/10/2021 12:52:33 : [DEBUG] : Chemin invalide ou existant : C:\WINDOWS\system32\svchost.exe
02/10/2021 12:52:33 : [DEBUG] : Chemin invalide ou existant : C:\WINDOWS\system32\svchost.exe
02/10/2021 12:52:33 : [DEBUG] : Chemin invalide ou existant : C:\WINDOWS\system32\svchost.exe
02/10/2021 12:52:33 : [DEBUG] : Chemin invalide ou existant : C:\WINDOWS\system32\svchost.exe
02/10/2021 12:52:33 : [DEBUG] : Chemin invalide ou existant : C:\WINDOWS\system32\svchost.exe
02/10/2021 12:52:33 : [DEBUG] : Chemin invalide ou existant : C:\Program Files\Windows Media Player\wmpnetwk.exe
02/10/2021 12:52:33 : [DEBUG] : Chemin invalide ou existant : C:\Program Files\Windows Media Player\wmpnetwk.exe
02/10/2021 12:52:33 : [DEBUG] : Chemin invalide ou existant : C:\Program Files\Windows Media Player\wmplayer.exe
02/10/2021 12:52:33 : [DEBUG] : Chemin invalide ou existant : C:\Program Files\Windows Media Player\wmplayer.exe
02/10/2021 12:52:33 : [DEBUG] : Chemin invalide ou existant : System
02/10/2021 12:52:33 : [DEBUG] : Chemin invalide ou existant : System
02/10/2021 12:52:33 : [DEBUG] : Chemin invalide ou existant : C:\WINDOWS\system32\svchost.exe
02/10/2021 12:52:33 : [DEBUG] : Chemin invalide ou existant : C:\WINDOWS\system32\svchost.exe
02/10/2021 12:52:33 : [DEBUG] : Chemin invalide ou existant : C:\WINDOWS\system32\svchost.exe
02/10/2021 12:52:33 : [DEBUG] : Chemin invalide ou existant : C:\Program Files\Windows Media Player\wmpnetwk.exe
02/10/2021 12:52:33 : [DEBUG] : Chemin invalide ou existant : C:\Program Files\Windows Media Player\wmpnetwk.exe
02/10/2021 12:52:33 : [DEBUG] : Chemin invalide ou existant : C:\Program Files\Windows Media Player\wmplayer.exe
02/10/2021 12:52:33 : [DEBUG] : Chemin invalide ou existant : C:\Program Files\Windows Media Player\wmplayer.exe
02/10/2021 12:52:33 : [DEBUG] : Chemin invalide ou existant : System
02/10/2021 12:52:33 : [DEBUG] : Chemin invalide ou existant : C:\WINDOWS\system32\svchost.exe
02/10/2021 12:52:33 : [DEBUG] : Chemin invalide ou existant : C:\WINDOWS\system32\svchost.exe
02/10/2021 12:52:33 : [DEBUG] : Chemin invalide ou existant : C:\Program Files\Windows Media Player\wmplayer.exe
02/10/2021 12:52:33 : [DEBUG] : Chemin invalide ou existant : C:\Program Files\Windows Media Player\wmplayer.exe
02/10/2021 12:52:33 : [DEBUG] : Chemin invalide ou existant : C:\Program Files (x86)\Windows Media Player\wmplayer.exe
02/10/2021 12:52:33 : [DEBUG] : Chemin invalide ou existant : C:\Program Files (x86)\Windows Media Player\wmplayer.exe
02/10/2021 12:52:33 : [DEBUG] : Chemin invalide ou existant : C:\WINDOWS\system32\svchost.exe
02/10/2021 12:52:33 : [DEBUG] : Chemin invalide ou existant : C:\WINDOWS\system32\svchost.exe
02/10/2021 12:52:33 : [DEBUG] : Chemin invalide ou existant : C:\WINDOWS\system32\svchost.exe
02/10/2021 12:52:33 : [DEBUG] : Chemin invalide ou existant : C:\WINDOWS\system32\svchost.exe
02/10/2021 12:52:33 : [DEBUG] : Chemin invalide ou existant : C:\WINDOWS\system32\svchost.exe
02/10/2021 12:52:33 : [DEBUG] : Chemin invalide ou existant : System
02/10/2021 12:52:33 : [DEBUG] : Chemin invalide ou existant : System
02/10/2021 12:52:33 : [DEBUG] : Chemin invalide ou existant : System
02/10/2021 12:52:33 : [DEBUG] : Chemin invalide ou existant : System
02/10/2021 12:52:33 : [DEBUG] : Chemin invalide ou existant : System
02/10/2021 12:52:33 : [DEBUG] : Chemin invalide ou existant : System
02/10/2021 12:52:33 : [DEBUG] : Chemin invalide ou existant : System
02/10/2021 12:52:33 : [DEBUG] : Chemin invalide ou existant : System
02/10/2021 12:52:33 : [DEBUG] : Chemin invalide ou existant : System
02/10/2021 12:52:33 : [DEBUG] : Chemin invalide ou existant : System
02/10/2021 12:52:33 : [DEBUG] : Chemin invalide ou existant : System
02/10/2021 12:52:33 : [DEBUG] : Chemin invalide ou existant : System
02/10/2021 12:52:33 : [DEBUG] : Chemin invalide ou existant : C:\WINDOWS\system32\svchost.exe
02/10/2021 12:52:33 : [DEBUG] : Chemin invalide ou existant : C:\WINDOWS\system32\svchost.exe
02/10/2021 12:52:33 : [DEBUG] : Chemin invalide ou existant : System
02/10/2021 12:52:33 : [DEBUG] : Chemin invalide ou existant : C:\WINDOWS\system32\svchost.exe
02/10/2021 12:52:33 : [DEBUG] : Chemin invalide ou existant : C:\WINDOWS\system32\msra.exe
02/10/2021 12:52:33 : [DEBUG] : Chemin invalide ou existant : C:\WINDOWS\system32\raserver.exe
02/10/2021 12:52:33 : [DEBUG] : Chemin invalide ou existant : C:\WINDOWS\system32\svchost.exe
02/10/2021 12:52:33 : [DEBUG] : Chemin invalide ou existant : C:\WINDOWS\system32\msra.exe
02/10/2021 12:52:33 : [DEBUG] : Chemin invalide ou existant : C:\WINDOWS\system32\svchost.exe
02/10/2021 12:52:33 : [DEBUG] : Chemin invalide ou existant : C:\WINDOWS\system32\svchost.exe
02/10/2021 12:52:33 : [DEBUG] : Chemin invalide ou existant : C:\WINDOWS\system32\svchost.exe
02/10/2021 12:52:33 : [DEBUG] : Chemin invalide ou existant : C:\WINDOWS\system32\svchost.exe
02/10/2021 12:52:33 : [DEBUG] : Chemin invalide ou existant : C:\WINDOWS\system32\svchost.exe
02/10/2021 12:52:33 : [DEBUG] : Chemin invalide ou existant : C:\WINDOWS\system32\svchost.exe
02/10/2021 12:52:33 : [DEBUG] : Chemin invalide ou existant : C:\WINDOWS\system32\svchost.exe
02/10/2021 12:52:33 : [DEBUG] : Chemin invalide ou existant : System
02/10/2021 12:52:33 : [DEBUG] : Chemin invalide ou existant : System
02/10/2021 12:52:33 : [DEBUG] : Chemin invalide ou existant : System
02/10/2021 12:52:33 : [DEBUG] : Chemin invalide ou existant : C:\WINDOWS\system32\svchost.exe
02/10/2021 12:52:33 : [DEBUG] : Chemin invalide ou existant : C:\WINDOWS\system32\svchost.exe
02/10/2021 12:52:33 : [DEBUG] : Chemin invalide ou existant : C:\WINDOWS\system32\svchost.exe
02/10/2021 12:52:33 : [DEBUG] : Chemin invalide ou existant : C:\WINDOWS\system32\svchost.exe
02/10/2021 12:52:33 : [DEBUG] : Chemin invalide ou existant : C:\WINDOWS\system32\svchost.exe
02/10/2021 12:52:33 : [DEBUG] : Chemin invalide ou existant : C:\WINDOWS\system32\svchost.exe
02/10/2021 12:52:33 : [DEBUG] : Chemin invalide ou existant : C:\WINDOWS\system32\svchost.exe
02/10/2021 12:52:33 : [DEBUG] : Chemin invalide ou existant : C:\WINDOWS\system32\svchost.exe
02/10/2021 12:52:33 : [DEBUG] : Chemin invalide ou existant : C:\WINDOWS\system32\svchost.exe
02/10/2021 12:52:33 : [DEBUG] : Chemin invalide ou existant : C:\WINDOWS\system32\svchost.exe
02/10/2021 12:52:33 : [DEBUG] : Chemin invalide ou existant : System
02/10/2021 12:52:33 : [DEBUG] : Chemin invalide ou existant : System
02/10/2021 12:52:33 : [DEBUG] : Chemin invalide ou existant : C:\WINDOWS\system32\svchost.exe
02/10/2021 12:52:33 : [DEBUG] : Chemin invalide ou existant : C:\WINDOWS\system32\svchost.exe
02/10/2021 12:52:33 : [DEBUG] : Chemin invalide ou existant : C:\WINDOWS\system32\svchost.exe
02/10/2021 12:52:33 : [DEBUG] : Chemin invalide ou existant : C:\WINDOWS\system32\svchost.exe
02/10/2021 12:52:33 : [DEBUG] : Chemin invalide ou existant : C:\WINDOWS\system32\svchost.exe
02/10/2021 12:52:33 : [DEBUG] : Chemin invalide ou existant : C:\WINDOWS\system32\svchost.exe
02/10/2021 12:52:33 : [DEBUG] : Chemin invalide ou existant : C:\WINDOWS\system32\svchost.exe
02/10/2021 12:52:33 : [DEBUG] : Chemin invalide ou existant : C:\WINDOWS\system32\svchost.exe
02/10/2021 12:52:33 : [DEBUG] : Chemin invalide ou existant : System
02/10/2021 12:52:33 : [DEBUG] : Chemin invalide ou existant : System
02/10/2021 12:52:33 : [DEBUG] : Chemin invalide ou existant : C:\WINDOWS\system32\svchost.exe
02/10/2021 12:52:33 : [DEBUG] : Chemin invalide ou existant : C:\WINDOWS\system32\svchost.exe
02/10/2021 12:52:33 : [DEBUG] : Chemin invalide ou existant : C:\WINDOWS\system32\svchost.exe
02/10/2021 12:52:33 : [DEBUG] : Chemin invalide ou existant : C:\WINDOWS\system32\svchost.exe
02/10/2021 12:52:33 : [DEBUG] : Chemin invalide ou existant : C:\WINDOWS\system32\svchost.exe
02/10/2021 12:52:33 : [DEBUG] : Chemin invalide ou existant : System
02/10/2021 12:52:33 : [DEBUG] : Chemin invalide ou existant : System
02/10/2021 12:52:33 : [DEBUG] : Chemin invalide ou existant : C:\WINDOWS\system32\svchost.exe
02/10/2021 12:52:33 : [DEBUG] : Chemin invalide ou existant : C:\WINDOWS\system32\svchost.exe
02/10/2021 12:52:33 : [DEBUG] : Chemin invalide ou existant : C:\WINDOWS\system32\svchost.exe
02/10/2021 12:52:33 : [DEBUG] : Chemin invalide ou existant : System
02/10/2021 12:52:33 : [DEBUG] : Chemin invalide ou existant : System
02/10/2021 12:52:33 : [DEBUG] : Chemin invalide ou existant : System
02/10/2021 12:52:33 : [DEBUG] : Chemin invalide ou existant : System
02/10/2021 12:52:33 : [DEBUG] : Chemin invalide ou existant : C:\WINDOWS\system32\svchost.exe
02/10/2021 12:52:33 : [DEBUG] : Chemin invalide ou existant : C:\WINDOWS\system32\svchost.exe
02/10/2021 12:52:33 : [DEBUG] : Chemin invalide ou existant : System
02/10/2021 12:52:33 : [DEBUG] : Chemin invalide ou existant : System
02/10/2021 12:52:33 : [DEBUG] : Chemin invalide ou existant : C:\WINDOWS\system32\svchost.exe
02/10/2021 12:52:33 : [DEBUG] : Chemin invalide ou existant : C:\WINDOWS\system32\svchost.exe
02/10/2021 12:52:33 : [DEBUG] : Chemin invalide ou existant : C:\WINDOWS\system32\svchost.exe
02/10/2021 12:52:33 : [DEBUG] : Chemin invalide ou existant : C:\WINDOWS\system32\svchost.exe
02/10/2021 12:52:33 : [DEBUG] : Chemin invalide ou existant : System
02/10/2021 12:52:33 : [DEBUG] : Chemin invalide ou existant : System
02/10/2021 12:52:33 : [DEBUG] : Chemin invalide ou existant : System
02/10/2021 12:52:33 : [DEBUG] : Chemin invalide ou existant : System
02/10/2021 12:52:33 : [DEBUG] : Chemin invalide ou existant : System
02/10/2021 12:52:33 : [DEBUG] : Chemin invalide ou existant : System
02/10/2021 12:52:33 : [DEBUG] : Chemin invalide ou existant : System
02/10/2021 12:52:33 : [DEBUG] : Chemin invalide ou existant : System
02/10/2021 12:52:33 : [DEBUG] : Chemin invalide ou existant : System
02/10/2021 12:52:33 : [DEBUG] : Chemin invalide ou existant : System
02/10/2021 12:52:33 : [DEBUG] : Chemin invalide ou existant : System
02/10/2021 12:52:33 : [DEBUG] : Chemin invalide ou existant : System
02/10/2021 12:52:33 : [DEBUG] : Chemin invalide ou existant : C:\WINDOWS\system32\svchost.exe
02/10/2021 12:52:33 : [DEBUG] : Chemin invalide ou existant : C:\WINDOWS\system32\svchost.exe
02/10/2021 12:52:33 : [DEBUG] : Chemin invalide ou existant : C:\WINDOWS\system32\svchost.exe
02/10/2021 12:52:33 : [DEBUG] : Chemin invalide ou existant : C:\WINDOWS\system32\svchost.exe
02/10/2021 12:52:33 : [DEBUG] : Chemin invalide ou existant : C:\WINDOWS\system32\svchost.exe
02/10/2021 12:52:33 : [DEBUG] : Chemin invalide ou existant : System
02/10/2021 12:52:33 : [DEBUG] : Chemin invalide ou existant : System
02/10/2021 12:52:51 : [DEBUG] : Chemin invalide ou existant : C:\Program Files (x86)\Mozilla Firefox\firefox.exe
02/10/2021 12:54:39 : [DEBUG] : Existing and correct filepath: C:\Program Files (x86)\Mozilla Firefox\firefox.exe, nothing to repair
02/10/2021 12:54:59 : [WARN ] : Accès refusé.

Accès refusé.

02/10/2021 12:54:59 : [ERROR] :    à Windows.Management.Deployment.PackageManager.FindPackages()
   à FwRulesRepair.business.RepairWindowApp.Treat() dans E:\CSharp\Projects\FwRulesRepair\FwRulesRepair\business\RepairWindowApp.cs:ligne 54
02/10/2021 12:55:22 : [DEBUG] : Existing and correct filepath: C:\Program Files (x86)\Mozilla Firefox\firefox.exe, nothing to repair
02/10/2021 12:55:22 : [DEBUG] : Existing and correct filepath: C:\Program Files (x86)\Notepad++\notepad++.exe, nothing to repair
02/10/2021 12:55:22 : [DEBUG] : Existing and correct filepath: C:\WINDOWS\system32\svchost.exe, nothing to repair
02/10/2021 12:55:22 : [DEBUG] : Invalid filepath: SYSTEM
02/10/2021 12:55:22 : [DEBUG] : Invalid filepath: SYSTEM
02/10/2021 12:55:22 : [DEBUG] : Existing and correct filepath: C:\WINDOWS\system32\svchost.exe, nothing to repair
02/10/2021 12:55:22 : [DEBUG] : Invalid filepath: SYSTEM
02/10/2021 12:55:22 : [DEBUG] : Existing and correct filepath: C:\WINDOWS\system32\svchost.exe, nothing to repair
02/10/2021 12:55:22 : [DEBUG] : Existing and correct filepath: C:\WINDOWS\system32\svchost.exe, nothing to repair
02/10/2021 12:55:22 : [DEBUG] : Existing and correct filepath: C:\WINDOWS\system32\svchost.exe, nothing to repair
02/10/2021 12:55:22 : [DEBUG] : Existing and correct filepath: C:\WINDOWS\system32\svchost.exe, nothing to repair
02/10/2021 12:55:22 : [DEBUG] : Existing and correct filepath: C:\WINDOWS\system32\svchost.exe, nothing to repair
02/10/2021 12:55:22 : [DEBUG] : Existing and correct filepath: C:\WINDOWS\system32\svchost.exe, nothing to repair
02/10/2021 12:55:22 : [DEBUG] : Existing and correct filepath: C:\WINDOWS\system32\svchost.exe, nothing to repair
02/10/2021 12:55:22 : [DEBUG] : Existing and correct filepath: C:\WINDOWS\system32\svchost.exe, nothing to repair
02/10/2021 12:55:22 : [DEBUG] : Existing and correct filepath: C:\WINDOWS\system32\svchost.exe, nothing to repair
02/10/2021 12:55:22 : [DEBUG] : Existing and correct filepath: C:\WINDOWS\system32\svchost.exe, nothing to repair
02/10/2021 12:55:22 : [DEBUG] : Existing and correct filepath: C:\WINDOWS\system32\svchost.exe, nothing to repair
02/10/2021 12:55:22 : [DEBUG] : Existing and correct filepath: C:\WINDOWS\system32\svchost.exe, nothing to repair
02/10/2021 12:55:22 : [DEBUG] : Existing and correct filepath: C:\WINDOWS\system32\svchost.exe, nothing to repair
02/10/2021 12:55:22 : [DEBUG] : Existing and correct filepath: C:\Program Files\Windows Media Player\wmpnetwk.exe, nothing to repair
02/10/2021 12:55:22 : [DEBUG] : Existing and correct filepath: C:\Program Files\Windows Media Player\wmpnetwk.exe, nothing to repair
02/10/2021 12:55:22 : [DEBUG] : Existing and correct filepath: C:\Program Files\Windows Media Player\wmplayer.exe, nothing to repair
02/10/2021 12:55:22 : [DEBUG] : Existing and correct filepath: C:\Program Files\Windows Media Player\wmplayer.exe, nothing to repair
02/10/2021 12:55:22 : [DEBUG] : Invalid filepath: System
02/10/2021 12:55:22 : [DEBUG] : Invalid filepath: System
02/10/2021 12:55:22 : [DEBUG] : Existing and correct filepath: C:\WINDOWS\system32\svchost.exe, nothing to repair
02/10/2021 12:55:22 : [DEBUG] : Existing and correct filepath: C:\WINDOWS\system32\svchost.exe, nothing to repair
02/10/2021 12:55:22 : [DEBUG] : Existing and correct filepath: C:\WINDOWS\system32\svchost.exe, nothing to repair
02/10/2021 12:55:22 : [DEBUG] : Existing and correct filepath: C:\Program Files\Windows Media Player\wmpnetwk.exe, nothing to repair
02/10/2021 12:55:22 : [DEBUG] : Existing and correct filepath: C:\Program Files\Windows Media Player\wmpnetwk.exe, nothing to repair
02/10/2021 12:55:22 : [DEBUG] : Existing and correct filepath: C:\Program Files\Windows Media Player\wmplayer.exe, nothing to repair
02/10/2021 12:55:22 : [DEBUG] : Existing and correct filepath: C:\Program Files\Windows Media Player\wmplayer.exe, nothing to repair
02/10/2021 12:55:22 : [DEBUG] : Invalid filepath: System
02/10/2021 12:55:22 : [DEBUG] : Existing and correct filepath: C:\WINDOWS\system32\svchost.exe, nothing to repair
02/10/2021 12:55:22 : [DEBUG] : Existing and correct filepath: C:\WINDOWS\system32\svchost.exe, nothing to repair
02/10/2021 12:55:22 : [DEBUG] : Existing and correct filepath: C:\Program Files\Windows Media Player\wmplayer.exe, nothing to repair
02/10/2021 12:55:22 : [DEBUG] : Existing and correct filepath: C:\Program Files\Windows Media Player\wmplayer.exe, nothing to repair
02/10/2021 12:55:22 : [DEBUG] : Existing and correct filepath: C:\Program Files (x86)\Windows Media Player\wmplayer.exe, nothing to repair
02/10/2021 12:55:22 : [DEBUG] : Existing and correct filepath: C:\Program Files (x86)\Windows Media Player\wmplayer.exe, nothing to repair
02/10/2021 12:55:22 : [DEBUG] : Existing and correct filepath: C:\WINDOWS\system32\svchost.exe, nothing to repair
02/10/2021 12:55:22 : [DEBUG] : Existing and correct filepath: C:\WINDOWS\system32\svchost.exe, nothing to repair
02/10/2021 12:55:22 : [DEBUG] : Existing and correct filepath: C:\WINDOWS\system32\svchost.exe, nothing to repair
02/10/2021 12:55:22 : [DEBUG] : Existing and correct filepath: C:\WINDOWS\system32\svchost.exe, nothing to repair
02/10/2021 12:55:22 : [DEBUG] : Existing and correct filepath: C:\WINDOWS\system32\svchost.exe, nothing to repair
02/10/2021 12:55:22 : [DEBUG] : Invalid filepath: System
02/10/2021 12:55:22 : [DEBUG] : Invalid filepath: System
02/10/2021 12:55:22 : [DEBUG] : Invalid filepath: System
02/10/2021 12:55:22 : [DEBUG] : Invalid filepath: System
02/10/2021 12:55:22 : [DEBUG] : Invalid filepath: System
02/10/2021 12:55:22 : [DEBUG] : Invalid filepath: System
02/10/2021 12:55:22 : [DEBUG] : Invalid filepath: System
02/10/2021 12:55:22 : [DEBUG] : Invalid filepath: System
02/10/2021 12:55:22 : [DEBUG] : Invalid filepath: System
02/10/2021 12:55:22 : [DEBUG] : Invalid filepath: System
02/10/2021 12:55:22 : [DEBUG] : Invalid filepath: System
02/10/2021 12:55:22 : [DEBUG] : Invalid filepath: System
02/10/2021 12:55:22 : [DEBUG] : Existing and correct filepath: C:\WINDOWS\system32\svchost.exe, nothing to repair
02/10/2021 12:55:22 : [DEBUG] : Existing and correct filepath: C:\WINDOWS\system32\svchost.exe, nothing to repair
02/10/2021 12:55:22 : [DEBUG] : Invalid filepath: System
02/10/2021 12:55:22 : [DEBUG] : Existing and correct filepath: C:\WINDOWS\system32\svchost.exe, nothing to repair
02/10/2021 12:55:22 : [DEBUG] : Existing and correct filepath: C:\WINDOWS\system32\msra.exe, nothing to repair
02/10/2021 12:55:22 : [DEBUG] : Existing and correct filepath: C:\WINDOWS\system32\raserver.exe, nothing to repair
02/10/2021 12:55:22 : [DEBUG] : Existing and correct filepath: C:\WINDOWS\system32\svchost.exe, nothing to repair
02/10/2021 12:55:22 : [DEBUG] : Existing and correct filepath: C:\WINDOWS\system32\msra.exe, nothing to repair
02/10/2021 12:55:22 : [DEBUG] : Existing and correct filepath: C:\WINDOWS\system32\svchost.exe, nothing to repair
02/10/2021 12:55:22 : [DEBUG] : Existing and correct filepath: C:\WINDOWS\system32\svchost.exe, nothing to repair
02/10/2021 12:55:22 : [DEBUG] : Existing and correct filepath: C:\WINDOWS\system32\svchost.exe, nothing to repair
02/10/2021 12:55:22 : [DEBUG] : Existing and correct filepath: C:\WINDOWS\system32\svchost.exe, nothing to repair
02/10/2021 12:55:22 : [DEBUG] : Existing and correct filepath: C:\WINDOWS\system32\svchost.exe, nothing to repair
02/10/2021 12:55:22 : [DEBUG] : Existing and correct filepath: C:\WINDOWS\system32\svchost.exe, nothing to repair
02/10/2021 12:55:22 : [DEBUG] : Existing and correct filepath: C:\WINDOWS\system32\svchost.exe, nothing to repair
02/10/2021 12:55:22 : [DEBUG] : Invalid filepath: System
02/10/2021 12:55:22 : [DEBUG] : Invalid filepath: System
02/10/2021 12:55:22 : [DEBUG] : Invalid filepath: System
02/10/2021 12:55:22 : [DEBUG] : Existing and correct filepath: C:\WINDOWS\system32\svchost.exe, nothing to repair
02/10/2021 12:55:22 : [DEBUG] : Existing and correct filepath: C:\WINDOWS\system32\svchost.exe, nothing to repair
02/10/2021 12:55:22 : [DEBUG] : Existing and correct filepath: C:\WINDOWS\system32\svchost.exe, nothing to repair
02/10/2021 12:55:22 : [DEBUG] : Existing and correct filepath: C:\WINDOWS\system32\svchost.exe, nothing to repair
02/10/2021 12:55:22 : [DEBUG] : Existing and correct filepath: C:\WINDOWS\system32\svchost.exe, nothing to repair
02/10/2021 12:55:22 : [DEBUG] : Existing and correct filepath: C:\WINDOWS\system32\svchost.exe, nothing to repair
02/10/2021 12:55:22 : [DEBUG] : Existing and correct filepath: C:\WINDOWS\system32\svchost.exe, nothing to repair
02/10/2021 12:55:22 : [DEBUG] : Existing and correct filepath: C:\WINDOWS\system32\svchost.exe, nothing to repair
02/10/2021 12:55:22 : [DEBUG] : Existing and correct filepath: C:\WINDOWS\system32\svchost.exe, nothing to repair
02/10/2021 12:55:22 : [DEBUG] : Existing and correct filepath: C:\WINDOWS\system32\svchost.exe, nothing to repair
02/10/2021 12:55:22 : [DEBUG] : Invalid filepath: System
02/10/2021 12:55:22 : [DEBUG] : Invalid filepath: System
02/10/2021 12:55:22 : [DEBUG] : Existing and correct filepath: C:\WINDOWS\system32\svchost.exe, nothing to repair
02/10/2021 12:55:22 : [DEBUG] : Existing and correct filepath: C:\WINDOWS\system32\svchost.exe, nothing to repair
02/10/2021 12:55:22 : [DEBUG] : Existing and correct filepath: C:\WINDOWS\system32\svchost.exe, nothing to repair
02/10/2021 12:55:22 : [DEBUG] : Existing and correct filepath: C:\WINDOWS\system32\svchost.exe, nothing to repair
02/10/2021 12:55:22 : [DEBUG] : Existing and correct filepath: C:\WINDOWS\system32\svchost.exe, nothing to repair
02/10/2021 12:55:22 : [DEBUG] : Existing and correct filepath: C:\WINDOWS\system32\svchost.exe, nothing to repair
02/10/2021 12:55:22 : [DEBUG] : Existing and correct filepath: C:\WINDOWS\system32\svchost.exe, nothing to repair
02/10/2021 12:55:22 : [DEBUG] : Existing and correct filepath: C:\WINDOWS\system32\svchost.exe, nothing to repair
02/10/2021 12:55:22 : [DEBUG] : Invalid filepath: System
02/10/2021 12:55:22 : [DEBUG] : Invalid filepath: System
02/10/2021 12:55:22 : [DEBUG] : Existing and correct filepath: C:\WINDOWS\system32\svchost.exe, nothing to repair
02/10/2021 12:55:22 : [DEBUG] : Existing and correct filepath: C:\WINDOWS\system32\svchost.exe, nothing to repair
02/10/2021 12:55:22 : [DEBUG] : Existing and correct filepath: C:\WINDOWS\system32\svchost.exe, nothing to repair
02/10/2021 12:55:22 : [DEBUG] : Existing and correct filepath: C:\WINDOWS\system32\svchost.exe, nothing to repair
02/10/2021 12:55:22 : [DEBUG] : Existing and correct filepath: C:\WINDOWS\system32\svchost.exe, nothing to repair
02/10/2021 12:55:22 : [DEBUG] : Invalid filepath: System
02/10/2021 12:55:22 : [DEBUG] : Invalid filepath: System
02/10/2021 12:55:22 : [DEBUG] : Existing and correct filepath: C:\WINDOWS\system32\svchost.exe, nothing to repair
02/10/2021 12:55:22 : [DEBUG] : Existing and correct filepath: C:\WINDOWS\system32\svchost.exe, nothing to repair
02/10/2021 12:55:22 : [DEBUG] : Existing and correct filepath: C:\WINDOWS\system32\svchost.exe, nothing to repair
02/10/2021 12:55:22 : [DEBUG] : Invalid filepath: System
02/10/2021 12:55:22 : [DEBUG] : Invalid filepath: System
02/10/2021 12:55:22 : [DEBUG] : Invalid filepath: System
02/10/2021 12:55:22 : [DEBUG] : Invalid filepath: System
02/10/2021 12:55:22 : [DEBUG] : Existing and correct filepath: C:\WINDOWS\system32\svchost.exe, nothing to repair
02/10/2021 12:55:22 : [DEBUG] : Existing and correct filepath: C:\WINDOWS\system32\svchost.exe, nothing to repair
02/10/2021 12:55:22 : [DEBUG] : Invalid filepath: System
02/10/2021 12:55:22 : [DEBUG] : Invalid filepath: System
02/10/2021 12:55:22 : [DEBUG] : Existing and correct filepath: C:\WINDOWS\system32\svchost.exe, nothing to repair
02/10/2021 12:55:22 : [DEBUG] : Existing and correct filepath: C:\WINDOWS\system32\svchost.exe, nothing to repair
02/10/2021 12:55:22 : [DEBUG] : Existing and correct filepath: C:\WINDOWS\system32\svchost.exe, nothing to repair
02/10/2021 12:55:22 : [DEBUG] : Existing and correct filepath: C:\WINDOWS\system32\svchost.exe, nothing to repair
02/10/2021 12:55:22 : [DEBUG] : Invalid filepath: System
02/10/2021 12:55:22 : [DEBUG] : Invalid filepath: System
02/10/2021 12:55:22 : [DEBUG] : Invalid filepath: System
02/10/2021 12:55:22 : [DEBUG] : Invalid filepath: System
02/10/2021 12:55:22 : [DEBUG] : Invalid filepath: System
02/10/2021 12:55:22 : [DEBUG] : Invalid filepath: System
02/10/2021 12:55:22 : [DEBUG] : Invalid filepath: System
02/10/2021 12:55:22 : [DEBUG] : Invalid filepath: System
02/10/2021 12:55:22 : [DEBUG] : Invalid filepath: System
02/10/2021 12:55:22 : [DEBUG] : Invalid filepath: System
02/10/2021 12:55:22 : [DEBUG] : Invalid filepath: System
02/10/2021 12:55:22 : [DEBUG] : Invalid filepath: System
02/10/2021 12:55:22 : [DEBUG] : Existing and correct filepath: C:\WINDOWS\system32\svchost.exe, nothing to repair
02/10/2021 12:55:22 : [DEBUG] : Existing and correct filepath: C:\WINDOWS\system32\svchost.exe, nothing to repair
02/10/2021 12:55:22 : [DEBUG] : Existing and correct filepath: C:\WINDOWS\system32\svchost.exe, nothing to repair
02/10/2021 12:55:22 : [DEBUG] : Existing and correct filepath: C:\WINDOWS\system32\svchost.exe, nothing to repair
02/10/2021 12:55:22 : [DEBUG] : Existing and correct filepath: C:\WINDOWS\system32\svchost.exe, nothing to repair
02/10/2021 12:55:22 : [DEBUG] : Invalid filepath: System
02/10/2021 12:55:22 : [DEBUG] : Invalid filepath: System
02/10/2021 12:57:34 : [DEBUG] : Existing and correct filepath: C:\Program Files (x86)\Mozilla Firefox\firefox.exe, nothing to repair
02/10/2021 12:57:56 : [DEBUG] : Existing and correct filepath: C:\Program Files (x86)\Mozilla Firefox\firefox.exe, nothing to repair
02/10/2021 12:57:56 : [INFO ] : Check rule for C:\Program Files\WindowsApps\Microsoft.YourPhone_1.21042.137.0_x64__8wekyb3d8bbwe\yourphoneserver\yourphoneserver.exe
02/10/2021 12:59:43 : [DEBUG] : Existing and correct filepath: C:\Program Files (x86)\Mozilla Firefox\firefox.exe, nothing to repair
02/10/2021 12:59:43 : [INFO ] : Check rule for C:\Program Files\WindowsApps\Microsoft.YourPhone_1.21042.137.0_x64__8wekyb3d8bbwe\yourphoneserver\yourphoneserver.exe
02/10/2021 12:59:43 : [INFO ] : Is windowsApp. Try autoRepair...
02/10/2021 12:59:49 : [WARN ] : Unauthorized access to update rule. Try running with admin rights
02/10/2021 12:59:49 : [WARN ] : Accès refusé.

Accès refusé.

02/10/2021 12:59:49 : [ERROR] :    à Windows.Management.Deployment.PackageManager.FindPackages()
   à FwRulesRepair.business.RepairWindowApp.Treat() dans E:\CSharp\Projects\FwRulesRepair\FwRulesRepair\business\RepairWindowApp.cs:ligne 54
02/10/2021 12:59:49 : [DEBUG] : Existing and correct filepath: C:\Program Files (x86)\Mozilla Firefox\firefox.exe, nothing to repair
02/10/2021 12:59:49 : [DEBUG] : Existing and correct filepath: C:\Program Files (x86)\Notepad++\notepad++.exe, nothing to repair
02/10/2021 12:59:49 : [DEBUG] : Existing and correct filepath: C:\WINDOWS\system32\svchost.exe, nothing to repair
02/10/2021 12:59:49 : [DEBUG] : Invalid filepath: SYSTEM
02/10/2021 12:59:49 : [DEBUG] : Invalid filepath: SYSTEM
02/10/2021 12:59:49 : [DEBUG] : Existing and correct filepath: C:\WINDOWS\system32\svchost.exe, nothing to repair
02/10/2021 12:59:49 : [DEBUG] : Invalid filepath: SYSTEM
02/10/2021 12:59:49 : [DEBUG] : Existing and correct filepath: C:\WINDOWS\system32\svchost.exe, nothing to repair
02/10/2021 12:59:49 : [DEBUG] : Existing and correct filepath: C:\WINDOWS\system32\svchost.exe, nothing to repair
02/10/2021 12:59:49 : [INFO ] : Check rule for C:\WINDOWS\system32\mdeserver.exe
02/10/2021 12:59:49 : [INFO ] : Check rule for C:\WINDOWS\system32\mdeserver.exe
02/10/2021 12:59:49 : [INFO ] : Check rule for C:\WINDOWS\system32\mdeserver.exe
02/10/2021 12:59:49 : [DEBUG] : Existing and correct filepath: C:\WINDOWS\system32\svchost.exe, nothing to repair
02/10/2021 12:59:49 : [DEBUG] : Existing and correct filepath: C:\WINDOWS\system32\svchost.exe, nothing to repair
02/10/2021 12:59:49 : [INFO ] : Check rule for C:\WINDOWS\ehome\mcrmgr.exe
02/10/2021 12:59:49 : [DEBUG] : Existing and correct filepath: C:\WINDOWS\system32\svchost.exe, nothing to repair
02/10/2021 12:59:49 : [INFO ] : Check rule for C:\WINDOWS\ehome\mcx2prov.exe
02/10/2021 12:59:49 : [DEBUG] : Existing and correct filepath: C:\WINDOWS\system32\svchost.exe, nothing to repair
02/10/2021 12:59:49 : [INFO ] : Check rule for C:\WINDOWS\ehome\ehshell.exe
02/10/2021 12:59:49 : [DEBUG] : Existing and correct filepath: C:\WINDOWS\system32\svchost.exe, nothing to repair
02/10/2021 12:59:49 : [DEBUG] : Existing and correct filepath: C:\WINDOWS\system32\svchost.exe, nothing to repair
02/10/2021 12:59:49 : [INFO ] : Check rule for C:\WINDOWS\ehome\ehshell.exe
02/10/2021 12:59:49 : [DEBUG] : Existing and correct filepath: C:\WINDOWS\system32\svchost.exe, nothing to repair
02/10/2021 12:59:49 : [DEBUG] : Existing and correct filepath: C:\WINDOWS\system32\svchost.exe, nothing to repair
02/10/2021 12:59:49 : [DEBUG] : Existing and correct filepath: C:\WINDOWS\system32\svchost.exe, nothing to repair
02/10/2021 12:59:49 : [DEBUG] : Existing and correct filepath: C:\WINDOWS\system32\svchost.exe, nothing to repair
02/10/2021 12:59:49 : [INFO ] : Check rule for C:\WINDOWS\system32\wudfhost.exe
02/10/2021 12:59:49 : [INFO ] : Check rule for C:\WINDOWS\system32\wudfhost.exe
02/10/2021 12:59:49 : [DEBUG] : Existing and correct filepath: C:\WINDOWS\system32\svchost.exe, nothing to repair
02/10/2021 12:59:49 : [DEBUG] : Existing and correct filepath: C:\Program Files\Windows Media Player\wmpnetwk.exe, nothing to repair
02/10/2021 12:59:49 : [DEBUG] : Existing and correct filepath: C:\Program Files\Windows Media Player\wmpnetwk.exe, nothing to repair
02/10/2021 12:59:49 : [DEBUG] : Existing and correct filepath: C:\Program Files\Windows Media Player\wmplayer.exe, nothing to repair
02/10/2021 12:59:49 : [DEBUG] : Existing and correct filepath: C:\Program Files\Windows Media Player\wmplayer.exe, nothing to repair
02/10/2021 12:59:49 : [DEBUG] : Invalid filepath: System
02/10/2021 12:59:49 : [DEBUG] : Invalid filepath: System
02/10/2021 12:59:49 : [DEBUG] : Existing and correct filepath: C:\WINDOWS\system32\svchost.exe, nothing to repair
02/10/2021 12:59:49 : [DEBUG] : Existing and correct filepath: C:\WINDOWS\system32\svchost.exe, nothing to repair
02/10/2021 12:59:49 : [DEBUG] : Existing and correct filepath: C:\WINDOWS\system32\svchost.exe, nothing to repair
02/10/2021 12:59:49 : [DEBUG] : Existing and correct filepath: C:\Program Files\Windows Media Player\wmpnetwk.exe, nothing to repair
02/10/2021 12:59:49 : [DEBUG] : Existing and correct filepath: C:\Program Files\Windows Media Player\wmpnetwk.exe, nothing to repair
02/10/2021 12:59:49 : [DEBUG] : Existing and correct filepath: C:\Program Files\Windows Media Player\wmplayer.exe, nothing to repair
02/10/2021 12:59:49 : [DEBUG] : Existing and correct filepath: C:\Program Files\Windows Media Player\wmplayer.exe, nothing to repair
02/10/2021 12:59:49 : [DEBUG] : Invalid filepath: System
02/10/2021 12:59:49 : [DEBUG] : Existing and correct filepath: C:\WINDOWS\system32\svchost.exe, nothing to repair
02/10/2021 12:59:49 : [DEBUG] : Existing and correct filepath: C:\WINDOWS\system32\svchost.exe, nothing to repair
02/10/2021 12:59:49 : [DEBUG] : Existing and correct filepath: C:\Program Files\Windows Media Player\wmplayer.exe, nothing to repair
02/10/2021 12:59:49 : [DEBUG] : Existing and correct filepath: C:\Program Files\Windows Media Player\wmplayer.exe, nothing to repair
02/10/2021 12:59:49 : [DEBUG] : Existing and correct filepath: C:\Program Files (x86)\Windows Media Player\wmplayer.exe, nothing to repair
02/10/2021 12:59:49 : [DEBUG] : Existing and correct filepath: C:\Program Files (x86)\Windows Media Player\wmplayer.exe, nothing to repair
02/10/2021 12:59:49 : [DEBUG] : Existing and correct filepath: C:\WINDOWS\system32\svchost.exe, nothing to repair
02/10/2021 12:59:49 : [DEBUG] : Existing and correct filepath: C:\WINDOWS\system32\svchost.exe, nothing to repair
02/10/2021 12:59:49 : [DEBUG] : Existing and correct filepath: C:\WINDOWS\system32\svchost.exe, nothing to repair
02/10/2021 12:59:49 : [DEBUG] : Existing and correct filepath: C:\WINDOWS\system32\svchost.exe, nothing to repair
02/10/2021 12:59:49 : [DEBUG] : Existing and correct filepath: C:\WINDOWS\system32\svchost.exe, nothing to repair
02/10/2021 12:59:49 : [DEBUG] : Invalid filepath: System
02/10/2021 12:59:49 : [DEBUG] : Invalid filepath: System
02/10/2021 12:59:49 : [DEBUG] : Invalid filepath: System
02/10/2021 12:59:49 : [DEBUG] : Invalid filepath: System
02/10/2021 12:59:49 : [DEBUG] : Invalid filepath: System
02/10/2021 12:59:49 : [DEBUG] : Invalid filepath: System
02/10/2021 12:59:49 : [DEBUG] : Invalid filepath: System
02/10/2021 12:59:49 : [DEBUG] : Invalid filepath: System
02/10/2021 12:59:49 : [DEBUG] : Invalid filepath: System
02/10/2021 12:59:49 : [DEBUG] : Invalid filepath: System
02/10/2021 12:59:49 : [DEBUG] : Invalid filepath: System
02/10/2021 12:59:49 : [DEBUG] : Invalid filepath: System
02/10/2021 12:59:49 : [DEBUG] : Existing and correct filepath: C:\WINDOWS\system32\svchost.exe, nothing to repair
02/10/2021 12:59:49 : [DEBUG] : Existing and correct filepath: C:\WINDOWS\system32\svchost.exe, nothing to repair
02/10/2021 12:59:49 : [DEBUG] : Invalid filepath: System
02/10/2021 12:59:49 : [DEBUG] : Existing and correct filepath: C:\WINDOWS\system32\svchost.exe, nothing to repair
02/10/2021 12:59:49 : [DEBUG] : Existing and correct filepath: C:\WINDOWS\system32\msra.exe, nothing to repair
02/10/2021 12:59:49 : [DEBUG] : Existing and correct filepath: C:\WINDOWS\system32\raserver.exe, nothing to repair
02/10/2021 12:59:49 : [DEBUG] : Existing and correct filepath: C:\WINDOWS\system32\svchost.exe, nothing to repair
02/10/2021 12:59:49 : [DEBUG] : Existing and correct filepath: C:\WINDOWS\system32\msra.exe, nothing to repair
02/10/2021 12:59:49 : [INFO ] : Check rule for C:\WINDOWS\system32\msdtc.exe
02/10/2021 12:59:49 : [INFO ] : Check rule for C:\WINDOWS\system32\msdtc.exe
02/10/2021 12:59:49 : [DEBUG] : Existing and correct filepath: C:\WINDOWS\system32\svchost.exe, nothing to repair
02/10/2021 12:59:49 : [DEBUG] : Existing and correct filepath: C:\WINDOWS\system32\svchost.exe, nothing to repair
02/10/2021 12:59:49 : [DEBUG] : Existing and correct filepath: C:\WINDOWS\system32\svchost.exe, nothing to repair
02/10/2021 12:59:49 : [DEBUG] : Existing and correct filepath: C:\WINDOWS\system32\svchost.exe, nothing to repair
02/10/2021 12:59:49 : [DEBUG] : Existing and correct filepath: C:\WINDOWS\system32\svchost.exe, nothing to repair
02/10/2021 12:59:49 : [DEBUG] : Existing and correct filepath: C:\WINDOWS\system32\svchost.exe, nothing to repair
02/10/2021 12:59:49 : [INFO ] : Check rule for C:\WINDOWS\system32\p2phost.exe
02/10/2021 12:59:49 : [INFO ] : Check rule for C:\WINDOWS\system32\p2phost.exe
02/10/2021 12:59:49 : [INFO ] : Check rule for C:\WINDOWS\system32\WUDFHost.exe
02/10/2021 12:59:49 : [INFO ] : Check rule for C:\WINDOWS\system32\WUDFHost.exe
02/10/2021 12:59:49 : [INFO ] : Check rule for C:\WINDOWS\system32\RmtTpmVscMgrSvr.exe
02/10/2021 12:59:49 : [INFO ] : Check rule for C:\WINDOWS\system32\RmtTpmVscMgrSvr.exe
02/10/2021 12:59:49 : [DEBUG] : Existing and correct filepath: C:\WINDOWS\system32\svchost.exe, nothing to repair
02/10/2021 12:59:49 : [INFO ] : Check rule for C:\WINDOWS\system32\spoolsv.exe
02/10/2021 12:59:49 : [INFO ] : Check rule for C:\WINDOWS\system32\dashost.exe
02/10/2021 12:59:49 : [DEBUG] : Invalid filepath: System
02/10/2021 12:59:49 : [DEBUG] : Invalid filepath: System
02/10/2021 12:59:49 : [DEBUG] : Invalid filepath: System
02/10/2021 12:59:49 : [INFO ] : Check rule for C:\WINDOWS\system32\dmcertinst.exe
02/10/2021 12:59:49 : [DEBUG] : Existing and correct filepath: C:\WINDOWS\system32\svchost.exe, nothing to repair
02/10/2021 12:59:49 : [DEBUG] : Existing and correct filepath: C:\WINDOWS\system32\svchost.exe, nothing to repair
02/10/2021 12:59:49 : [DEBUG] : Existing and correct filepath: C:\WINDOWS\system32\svchost.exe, nothing to repair
02/10/2021 12:59:49 : [DEBUG] : Existing and correct filepath: C:\WINDOWS\system32\svchost.exe, nothing to repair
02/10/2021 12:59:49 : [DEBUG] : Existing and correct filepath: C:\WINDOWS\system32\svchost.exe, nothing to repair
02/10/2021 12:59:49 : [DEBUG] : Existing and correct filepath: C:\WINDOWS\system32\svchost.exe, nothing to repair
02/10/2021 12:59:49 : [DEBUG] : Existing and correct filepath: C:\WINDOWS\system32\svchost.exe, nothing to repair
02/10/2021 12:59:49 : [DEBUG] : Existing and correct filepath: C:\WINDOWS\system32\svchost.exe, nothing to repair
02/10/2021 12:59:49 : [DEBUG] : Existing and correct filepath: C:\WINDOWS\system32\svchost.exe, nothing to repair
02/10/2021 12:59:49 : [DEBUG] : Existing and correct filepath: C:\WINDOWS\system32\svchost.exe, nothing to repair
02/10/2021 12:59:49 : [DEBUG] : Invalid filepath: System
02/10/2021 12:59:49 : [DEBUG] : Invalid filepath: System
02/10/2021 12:59:49 : [DEBUG] : Existing and correct filepath: C:\WINDOWS\system32\svchost.exe, nothing to repair
02/10/2021 12:59:49 : [DEBUG] : Existing and correct filepath: C:\WINDOWS\system32\svchost.exe, nothing to repair
02/10/2021 12:59:49 : [DEBUG] : Existing and correct filepath: C:\WINDOWS\system32\svchost.exe, nothing to repair
02/10/2021 12:59:49 : [DEBUG] : Existing and correct filepath: C:\WINDOWS\system32\svchost.exe, nothing to repair
02/10/2021 12:59:49 : [DEBUG] : Existing and correct filepath: C:\WINDOWS\system32\svchost.exe, nothing to repair
02/10/2021 12:59:49 : [DEBUG] : Existing and correct filepath: C:\WINDOWS\system32\svchost.exe, nothing to repair
02/10/2021 12:59:49 : [DEBUG] : Existing and correct filepath: C:\WINDOWS\system32\svchost.exe, nothing to repair
02/10/2021 12:59:49 : [DEBUG] : Existing and correct filepath: C:\WINDOWS\system32\svchost.exe, nothing to repair
02/10/2021 12:59:49 : [DEBUG] : Invalid filepath: System
02/10/2021 12:59:49 : [DEBUG] : Invalid filepath: System
02/10/2021 12:59:49 : [DEBUG] : Existing and correct filepath: C:\WINDOWS\system32\svchost.exe, nothing to repair
02/10/2021 12:59:49 : [DEBUG] : Existing and correct filepath: C:\WINDOWS\system32\svchost.exe, nothing to repair
02/10/2021 12:59:49 : [DEBUG] : Existing and correct filepath: C:\WINDOWS\system32\svchost.exe, nothing to repair
02/10/2021 12:59:49 : [DEBUG] : Existing and correct filepath: C:\WINDOWS\system32\svchost.exe, nothing to repair
02/10/2021 12:59:49 : [DEBUG] : Existing and correct filepath: C:\WINDOWS\system32\svchost.exe, nothing to repair
02/10/2021 12:59:49 : [DEBUG] : Invalid filepath: System
02/10/2021 12:59:49 : [DEBUG] : Invalid filepath: System
02/10/2021 12:59:49 : [DEBUG] : Existing and correct filepath: C:\WINDOWS\system32\svchost.exe, nothing to repair
02/10/2021 12:59:49 : [INFO ] : Check rule for C:\WINDOWS\system32\proximityuxhost.exe
02/10/2021 12:59:49 : [INFO ] : Check rule for C:\WINDOWS\system32\deviceenroller.exe
02/10/2021 12:59:49 : [DEBUG] : Existing and correct filepath: C:\WINDOWS\system32\svchost.exe, nothing to repair
02/10/2021 12:59:49 : [DEBUG] : Existing and correct filepath: C:\WINDOWS\system32\svchost.exe, nothing to repair
02/10/2021 12:59:49 : [INFO ] : Check rule for C:\WINDOWS\system32\omadmclient.exe
02/10/2021 12:59:49 : [DEBUG] : Invalid filepath: System
02/10/2021 12:59:49 : [DEBUG] : Invalid filepath: System
02/10/2021 12:59:49 : [DEBUG] : Invalid filepath: System
02/10/2021 12:59:49 : [DEBUG] : Invalid filepath: System
02/10/2021 12:59:49 : [INFO ] : Check rule for C:\WINDOWS\system32\lsass.exe
02/10/2021 12:59:49 : [DEBUG] : Existing and correct filepath: C:\WINDOWS\system32\svchost.exe, nothing to repair
02/10/2021 12:59:49 : [DEBUG] : Existing and correct filepath: C:\WINDOWS\system32\svchost.exe, nothing to repair
02/10/2021 12:59:49 : [DEBUG] : Invalid filepath: System
02/10/2021 12:59:49 : [DEBUG] : Invalid filepath: System
02/10/2021 12:59:49 : [DEBUG] : Existing and correct filepath: C:\WINDOWS\system32\svchost.exe, nothing to repair
02/10/2021 12:59:49 : [DEBUG] : Existing and correct filepath: C:\WINDOWS\system32\svchost.exe, nothing to repair
02/10/2021 12:59:49 : [DEBUG] : Existing and correct filepath: C:\WINDOWS\system32\svchost.exe, nothing to repair
02/10/2021 12:59:49 : [DEBUG] : Existing and correct filepath: C:\WINDOWS\system32\svchost.exe, nothing to repair
02/10/2021 12:59:49 : [DEBUG] : Invalid filepath: System
02/10/2021 12:59:49 : [DEBUG] : Invalid filepath: System
02/10/2021 12:59:49 : [DEBUG] : Invalid filepath: System
02/10/2021 12:59:49 : [DEBUG] : Invalid filepath: System
02/10/2021 12:59:49 : [DEBUG] : Invalid filepath: System
02/10/2021 12:59:49 : [DEBUG] : Invalid filepath: System
02/10/2021 12:59:49 : [DEBUG] : Invalid filepath: System
02/10/2021 12:59:49 : [DEBUG] : Invalid filepath: System
02/10/2021 12:59:49 : [DEBUG] : Invalid filepath: System
02/10/2021 12:59:49 : [DEBUG] : Invalid filepath: System
02/10/2021 12:59:49 : [DEBUG] : Invalid filepath: System
02/10/2021 12:59:49 : [DEBUG] : Invalid filepath: System
02/10/2021 12:59:49 : [DEBUG] : Existing and correct filepath: C:\WINDOWS\system32\svchost.exe, nothing to repair
02/10/2021 12:59:49 : [DEBUG] : Existing and correct filepath: C:\WINDOWS\system32\svchost.exe, nothing to repair
02/10/2021 12:59:49 : [DEBUG] : Existing and correct filepath: C:\WINDOWS\system32\svchost.exe, nothing to repair
02/10/2021 12:59:49 : [DEBUG] : Existing and correct filepath: C:\WINDOWS\system32\svchost.exe, nothing to repair
02/10/2021 12:59:49 : [DEBUG] : Existing and correct filepath: C:\WINDOWS\system32\svchost.exe, nothing to repair
02/10/2021 12:59:49 : [DEBUG] : Invalid filepath: System
02/10/2021 12:59:49 : [DEBUG] : Invalid filepath: System
03/10/2021 10:43:35 : [DEBUG] : Existing and correct filepath: C:\Program Files (x86)\Mozilla Firefox\firefox.exe, nothing to repair
03/10/2021 10:43:35 : [INFO ] : Check rule for C:\Program Files\WindowsApps\Microsoft.YourPhone_1.21042.137.0_x64__8wekyb3d8bbwe\yourphoneserver\yourphoneserver.exe
03/10/2021 10:43:35 : [INFO ] : Is windowsApp. Try autoRepair...
03/10/2021 10:43:40 : [WARN ] : Unauthorized access to update rule. Try running with admin rights
03/10/2021 10:43:40 : [WARN ] : Accès refusé.

Accès refusé.

03/10/2021 10:43:40 : [ERROR] :    à Windows.Management.Deployment.PackageManager.FindPackages()
   à FwRulesRepair.business.repairs.RepairWindowApp.Treat() dans E:\CSharp\Projects\FwRulesRepair\FwRulesRepair\business\repairs\RepairWindowApp.cs:ligne 50
03/10/2021 10:43:40 : [DEBUG] : Existing and correct filepath: C:\Program Files (x86)\Mozilla Firefox\firefox.exe, nothing to repair
03/10/2021 10:43:40 : [DEBUG] : Existing and correct filepath: C:\Program Files (x86)\Notepad++\notepad++.exe, nothing to repair
03/10/2021 10:43:40 : [DEBUG] : Existing and correct filepath: C:\WINDOWS\system32\svchost.exe, nothing to repair
03/10/2021 10:43:40 : [DEBUG] : Invalid filepath: SYSTEM
03/10/2021 10:43:40 : [DEBUG] : Invalid filepath: SYSTEM
03/10/2021 10:43:40 : [DEBUG] : Existing and correct filepath: C:\WINDOWS\system32\svchost.exe, nothing to repair
03/10/2021 10:43:40 : [DEBUG] : Invalid filepath: SYSTEM
03/10/2021 10:43:40 : [DEBUG] : Existing and correct filepath: C:\WINDOWS\system32\svchost.exe, nothing to repair
03/10/2021 10:43:40 : [DEBUG] : Existing and correct filepath: C:\WINDOWS\system32\svchost.exe, nothing to repair
03/10/2021 10:43:40 : [INFO ] : Check rule for C:\WINDOWS\system32\mdeserver.exe
03/10/2021 10:43:40 : [INFO ] : Is windowsApp. Try autoRepair...
03/10/2021 10:43:41 : [WARN ] : Unauthorized access to update rule. Try running with admin rights
03/10/2021 10:43:41 : [WARN ] : Accès refusé.

Accès refusé.

03/10/2021 10:43:41 : [ERROR] :    à Windows.Management.Deployment.PackageManager.FindPackages()
   à FwRulesRepair.business.repairs.RepairWindowApp.Treat() dans E:\CSharp\Projects\FwRulesRepair\FwRulesRepair\business\repairs\RepairWindowApp.cs:ligne 50
03/10/2021 10:43:41 : [INFO ] : Check rule for C:\WINDOWS\system32\mdeserver.exe
03/10/2021 10:43:41 : [INFO ] : Is windowsApp. Try autoRepair...
03/10/2021 10:44:36 : [DEBUG] : Existing and correct filepath: C:\Program Files (x86)\Mozilla Firefox\firefox.exe, nothing to repair
03/10/2021 10:44:36 : [INFO ] : Check rule for C:\Program Files\WindowsApps\Microsoft.YourPhone_1.21042.137.0_x64__8wekyb3d8bbwe\yourphoneserver\yourphoneserver.exe
03/10/2021 10:44:36 : [INFO ] : Is windowsApp. Try autoRepair...
03/10/2021 10:44:43 : [WARN ] : Unauthorized access to update rule. Try running with admin rights
03/10/2021 10:44:43 : [WARN ] : Accès refusé.

Accès refusé.

03/10/2021 10:44:43 : [ERROR] :    à Windows.Management.Deployment.PackageManager.FindPackages()
   à FwRulesRepair.business.repairs.RepairWindowApp.Treat() dans E:\CSharp\Projects\FwRulesRepair\FwRulesRepair\business\repairs\RepairWindowApp.cs:ligne 50
03/10/2021 10:44:43 : [DEBUG] : Existing and correct filepath: C:\Program Files (x86)\Mozilla Firefox\firefox.exe, nothing to repair
03/10/2021 10:44:43 : [DEBUG] : Existing and correct filepath: C:\Program Files (x86)\Notepad++\notepad++.exe, nothing to repair
03/10/2021 10:44:43 : [DEBUG] : Existing and correct filepath: C:\WINDOWS\system32\svchost.exe, nothing to repair
03/10/2021 10:44:43 : [DEBUG] : Invalid filepath: SYSTEM
03/10/2021 10:44:43 : [DEBUG] : Invalid filepath: SYSTEM
03/10/2021 10:44:43 : [DEBUG] : Existing and correct filepath: C:\WINDOWS\system32\svchost.exe, nothing to repair
03/10/2021 10:44:43 : [DEBUG] : Invalid filepath: SYSTEM
03/10/2021 10:44:43 : [DEBUG] : Existing and correct filepath: C:\WINDOWS\system32\svchost.exe, nothing to repair
03/10/2021 10:44:43 : [DEBUG] : Existing and correct filepath: C:\WINDOWS\system32\svchost.exe, nothing to repair
03/10/2021 10:44:43 : [INFO ] : Check rule for C:\WINDOWS\system32\mdeserver.exe
03/10/2021 10:44:43 : [INFO ] : Check rule for C:\WINDOWS\system32\mdeserver.exe
03/10/2021 10:44:43 : [INFO ] : Check rule for C:\WINDOWS\system32\mdeserver.exe
03/10/2021 10:44:43 : [DEBUG] : Existing and correct filepath: C:\WINDOWS\system32\svchost.exe, nothing to repair
03/10/2021 10:44:43 : [DEBUG] : Existing and correct filepath: C:\WINDOWS\system32\svchost.exe, nothing to repair
03/10/2021 10:44:43 : [INFO ] : Check rule for C:\WINDOWS\ehome\mcrmgr.exe
03/10/2021 10:44:43 : [DEBUG] : Existing and correct filepath: C:\WINDOWS\system32\svchost.exe, nothing to repair
03/10/2021 10:44:43 : [INFO ] : Check rule for C:\WINDOWS\ehome\mcx2prov.exe
03/10/2021 10:44:43 : [DEBUG] : Existing and correct filepath: C:\WINDOWS\system32\svchost.exe, nothing to repair
03/10/2021 10:44:43 : [INFO ] : Check rule for C:\WINDOWS\ehome\ehshell.exe
03/10/2021 10:44:43 : [DEBUG] : Existing and correct filepath: C:\WINDOWS\system32\svchost.exe, nothing to repair
03/10/2021 10:44:43 : [DEBUG] : Existing and correct filepath: C:\WINDOWS\system32\svchost.exe, nothing to repair
03/10/2021 10:44:43 : [INFO ] : Check rule for C:\WINDOWS\ehome\ehshell.exe
03/10/2021 10:44:43 : [DEBUG] : Existing and correct filepath: C:\WINDOWS\system32\svchost.exe, nothing to repair
03/10/2021 10:44:43 : [DEBUG] : Existing and correct filepath: C:\WINDOWS\system32\svchost.exe, nothing to repair
03/10/2021 10:44:43 : [DEBUG] : Existing and correct filepath: C:\WINDOWS\system32\svchost.exe, nothing to repair
03/10/2021 10:44:43 : [DEBUG] : Existing and correct filepath: C:\WINDOWS\system32\svchost.exe, nothing to repair
03/10/2021 10:44:43 : [INFO ] : Check rule for C:\WINDOWS\system32\wudfhost.exe
03/10/2021 10:44:43 : [INFO ] : Check rule for C:\WINDOWS\system32\wudfhost.exe
03/10/2021 10:44:43 : [DEBUG] : Existing and correct filepath: C:\WINDOWS\system32\svchost.exe, nothing to repair
03/10/2021 10:44:43 : [DEBUG] : Existing and correct filepath: C:\Program Files\Windows Media Player\wmpnetwk.exe, nothing to repair
03/10/2021 10:44:43 : [DEBUG] : Existing and correct filepath: C:\Program Files\Windows Media Player\wmpnetwk.exe, nothing to repair
03/10/2021 10:44:43 : [DEBUG] : Existing and correct filepath: C:\Program Files\Windows Media Player\wmplayer.exe, nothing to repair
03/10/2021 10:44:43 : [DEBUG] : Existing and correct filepath: C:\Program Files\Windows Media Player\wmplayer.exe, nothing to repair
03/10/2021 10:44:43 : [DEBUG] : Invalid filepath: System
03/10/2021 10:44:43 : [DEBUG] : Invalid filepath: System
03/10/2021 10:44:43 : [DEBUG] : Existing and correct filepath: C:\WINDOWS\system32\svchost.exe, nothing to repair
03/10/2021 10:44:43 : [DEBUG] : Existing and correct filepath: C:\WINDOWS\system32\svchost.exe, nothing to repair
03/10/2021 10:44:43 : [DEBUG] : Existing and correct filepath: C:\WINDOWS\system32\svchost.exe, nothing to repair
03/10/2021 10:44:43 : [DEBUG] : Existing and correct filepath: C:\Program Files\Windows Media Player\wmpnetwk.exe, nothing to repair
03/10/2021 10:44:43 : [DEBUG] : Existing and correct filepath: C:\Program Files\Windows Media Player\wmpnetwk.exe, nothing to repair
03/10/2021 10:44:43 : [DEBUG] : Existing and correct filepath: C:\Program Files\Windows Media Player\wmplayer.exe, nothing to repair
03/10/2021 10:44:43 : [DEBUG] : Existing and correct filepath: C:\Program Files\Windows Media Player\wmplayer.exe, nothing to repair
03/10/2021 10:44:43 : [DEBUG] : Invalid filepath: System
03/10/2021 10:44:43 : [DEBUG] : Existing and correct filepath: C:\WINDOWS\system32\svchost.exe, nothing to repair
03/10/2021 10:44:43 : [DEBUG] : Existing and correct filepath: C:\WINDOWS\system32\svchost.exe, nothing to repair
03/10/2021 10:44:43 : [DEBUG] : Existing and correct filepath: C:\Program Files\Windows Media Player\wmplayer.exe, nothing to repair
03/10/2021 10:44:43 : [DEBUG] : Existing and correct filepath: C:\Program Files\Windows Media Player\wmplayer.exe, nothing to repair
03/10/2021 10:44:43 : [DEBUG] : Existing and correct filepath: C:\Program Files (x86)\Windows Media Player\wmplayer.exe, nothing to repair
03/10/2021 10:44:43 : [DEBUG] : Existing and correct filepath: C:\Program Files (x86)\Windows Media Player\wmplayer.exe, nothing to repair
03/10/2021 10:44:43 : [DEBUG] : Existing and correct filepath: C:\WINDOWS\system32\svchost.exe, nothing to repair
03/10/2021 10:44:43 : [DEBUG] : Existing and correct filepath: C:\WINDOWS\system32\svchost.exe, nothing to repair
03/10/2021 10:44:43 : [DEBUG] : Existing and correct filepath: C:\WINDOWS\system32\svchost.exe, nothing to repair
03/10/2021 10:44:43 : [DEBUG] : Existing and correct filepath: C:\WINDOWS\system32\svchost.exe, nothing to repair
03/10/2021 10:44:43 : [DEBUG] : Existing and correct filepath: C:\WINDOWS\system32\svchost.exe, nothing to repair
03/10/2021 10:44:43 : [DEBUG] : Invalid filepath: System
03/10/2021 10:44:43 : [DEBUG] : Invalid filepath: System
03/10/2021 10:44:43 : [DEBUG] : Invalid filepath: System
03/10/2021 10:44:43 : [DEBUG] : Invalid filepath: System
03/10/2021 10:44:43 : [DEBUG] : Invalid filepath: System
03/10/2021 10:44:43 : [DEBUG] : Invalid filepath: System
03/10/2021 10:44:43 : [DEBUG] : Invalid filepath: System
03/10/2021 10:44:43 : [DEBUG] : Invalid filepath: System
03/10/2021 10:44:43 : [DEBUG] : Invalid filepath: System
03/10/2021 10:44:43 : [DEBUG] : Invalid filepath: System
03/10/2021 10:44:43 : [DEBUG] : Invalid filepath: System
03/10/2021 10:44:43 : [DEBUG] : Invalid filepath: System
03/10/2021 10:44:43 : [DEBUG] : Existing and correct filepath: C:\WINDOWS\system32\svchost.exe, nothing to repair
03/10/2021 10:44:43 : [DEBUG] : Existing and correct filepath: C:\WINDOWS\system32\svchost.exe, nothing to repair
03/10/2021 10:44:43 : [DEBUG] : Invalid filepath: System
03/10/2021 10:44:43 : [DEBUG] : Existing and correct filepath: C:\WINDOWS\system32\svchost.exe, nothing to repair
03/10/2021 10:44:43 : [DEBUG] : Existing and correct filepath: C:\WINDOWS\system32\msra.exe, nothing to repair
03/10/2021 10:44:43 : [DEBUG] : Existing and correct filepath: C:\WINDOWS\system32\raserver.exe, nothing to repair
03/10/2021 10:44:43 : [DEBUG] : Existing and correct filepath: C:\WINDOWS\system32\svchost.exe, nothing to repair
03/10/2021 10:44:43 : [DEBUG] : Existing and correct filepath: C:\WINDOWS\system32\msra.exe, nothing to repair
03/10/2021 10:44:43 : [INFO ] : Check rule for C:\WINDOWS\system32\msdtc.exe
03/10/2021 10:44:43 : [INFO ] : Check rule for C:\WINDOWS\system32\msdtc.exe
03/10/2021 10:44:43 : [DEBUG] : Existing and correct filepath: C:\WINDOWS\system32\svchost.exe, nothing to repair
03/10/2021 10:44:43 : [DEBUG] : Existing and correct filepath: C:\WINDOWS\system32\svchost.exe, nothing to repair
03/10/2021 10:44:43 : [DEBUG] : Existing and correct filepath: C:\WINDOWS\system32\svchost.exe, nothing to repair
03/10/2021 10:44:43 : [DEBUG] : Existing and correct filepath: C:\WINDOWS\system32\svchost.exe, nothing to repair
03/10/2021 10:44:43 : [DEBUG] : Existing and correct filepath: C:\WINDOWS\system32\svchost.exe, nothing to repair
03/10/2021 10:44:43 : [DEBUG] : Existing and correct filepath: C:\WINDOWS\system32\svchost.exe, nothing to repair
03/10/2021 10:44:43 : [INFO ] : Check rule for C:\WINDOWS\system32\p2phost.exe
03/10/2021 10:44:43 : [INFO ] : Check rule for C:\WINDOWS\system32\p2phost.exe
03/10/2021 10:44:43 : [INFO ] : Check rule for C:\WINDOWS\system32\WUDFHost.exe
03/10/2021 10:44:43 : [INFO ] : Check rule for C:\WINDOWS\system32\WUDFHost.exe
03/10/2021 10:44:43 : [INFO ] : Check rule for C:\WINDOWS\system32\RmtTpmVscMgrSvr.exe
03/10/2021 10:44:43 : [INFO ] : Check rule for C:\WINDOWS\system32\RmtTpmVscMgrSvr.exe
03/10/2021 10:44:43 : [DEBUG] : Existing and correct filepath: C:\WINDOWS\system32\svchost.exe, nothing to repair
03/10/2021 10:44:43 : [INFO ] : Check rule for C:\WINDOWS\system32\spoolsv.exe
03/10/2021 10:44:43 : [INFO ] : Check rule for C:\WINDOWS\system32\dashost.exe
03/10/2021 10:44:43 : [DEBUG] : Invalid filepath: System
03/10/2021 10:44:43 : [DEBUG] : Invalid filepath: System
03/10/2021 10:44:43 : [DEBUG] : Invalid filepath: System
03/10/2021 10:44:43 : [INFO ] : Check rule for C:\WINDOWS\system32\dmcertinst.exe
03/10/2021 10:44:43 : [DEBUG] : Existing and correct filepath: C:\WINDOWS\system32\svchost.exe, nothing to repair
03/10/2021 10:44:43 : [DEBUG] : Existing and correct filepath: C:\WINDOWS\system32\svchost.exe, nothing to repair
03/10/2021 10:44:43 : [DEBUG] : Existing and correct filepath: C:\WINDOWS\system32\svchost.exe, nothing to repair
03/10/2021 10:44:43 : [DEBUG] : Existing and correct filepath: C:\WINDOWS\system32\svchost.exe, nothing to repair
03/10/2021 10:44:43 : [DEBUG] : Existing and correct filepath: C:\WINDOWS\system32\svchost.exe, nothing to repair
03/10/2021 10:44:43 : [DEBUG] : Existing and correct filepath: C:\WINDOWS\system32\svchost.exe, nothing to repair
03/10/2021 10:44:44 : [DEBUG] : Existing and correct filepath: C:\WINDOWS\system32\svchost.exe, nothing to repair
03/10/2021 10:44:44 : [DEBUG] : Existing and correct filepath: C:\WINDOWS\system32\svchost.exe, nothing to repair
03/10/2021 10:44:44 : [DEBUG] : Existing and correct filepath: C:\WINDOWS\system32\svchost.exe, nothing to repair
03/10/2021 10:44:44 : [DEBUG] : Existing and correct filepath: C:\WINDOWS\system32\svchost.exe, nothing to repair
03/10/2021 10:44:44 : [DEBUG] : Invalid filepath: System
03/10/2021 10:44:44 : [DEBUG] : Invalid filepath: System
03/10/2021 10:44:44 : [DEBUG] : Existing and correct filepath: C:\WINDOWS\system32\svchost.exe, nothing to repair
03/10/2021 10:44:44 : [DEBUG] : Existing and correct filepath: C:\WINDOWS\system32\svchost.exe, nothing to repair
03/10/2021 10:44:44 : [DEBUG] : Existing and correct filepath: C:\WINDOWS\system32\svchost.exe, nothing to repair
03/10/2021 10:44:44 : [DEBUG] : Existing and correct filepath: C:\WINDOWS\system32\svchost.exe, nothing to repair
03/10/2021 10:44:44 : [DEBUG] : Existing and correct filepath: C:\WINDOWS\system32\svchost.exe, nothing to repair
03/10/2021 10:44:44 : [DEBUG] : Existing and correct filepath: C:\WINDOWS\system32\svchost.exe, nothing to repair
03/10/2021 10:44:44 : [DEBUG] : Existing and correct filepath: C:\WINDOWS\system32\svchost.exe, nothing to repair
03/10/2021 10:44:44 : [DEBUG] : Existing and correct filepath: C:\WINDOWS\system32\svchost.exe, nothing to repair
03/10/2021 10:44:44 : [DEBUG] : Invalid filepath: System
03/10/2021 10:44:44 : [DEBUG] : Invalid filepath: System
03/10/2021 10:44:44 : [DEBUG] : Existing and correct filepath: C:\WINDOWS\system32\svchost.exe, nothing to repair
03/10/2021 10:44:44 : [DEBUG] : Existing and correct filepath: C:\WINDOWS\system32\svchost.exe, nothing to repair
03/10/2021 10:44:44 : [DEBUG] : Existing and correct filepath: C:\WINDOWS\system32\svchost.exe, nothing to repair
03/10/2021 10:44:44 : [DEBUG] : Existing and correct filepath: C:\WINDOWS\system32\svchost.exe, nothing to repair
03/10/2021 10:44:44 : [DEBUG] : Existing and correct filepath: C:\WINDOWS\system32\svchost.exe, nothing to repair
03/10/2021 10:44:44 : [DEBUG] : Invalid filepath: System
03/10/2021 10:44:44 : [DEBUG] : Invalid filepath: System
03/10/2021 10:44:44 : [DEBUG] : Existing and correct filepath: C:\WINDOWS\system32\svchost.exe, nothing to repair
03/10/2021 10:44:44 : [INFO ] : Check rule for C:\WINDOWS\system32\proximityuxhost.exe
03/10/2021 10:44:44 : [INFO ] : Check rule for C:\WINDOWS\system32\deviceenroller.exe
03/10/2021 10:44:44 : [DEBUG] : Existing and correct filepath: C:\WINDOWS\system32\svchost.exe, nothing to repair
03/10/2021 10:44:44 : [DEBUG] : Existing and correct filepath: C:\WINDOWS\system32\svchost.exe, nothing to repair
03/10/2021 10:44:44 : [INFO ] : Check rule for C:\WINDOWS\system32\omadmclient.exe
03/10/2021 10:44:44 : [DEBUG] : Invalid filepath: System
03/10/2021 10:44:44 : [DEBUG] : Invalid filepath: System
03/10/2021 10:44:44 : [DEBUG] : Invalid filepath: System
03/10/2021 10:44:44 : [DEBUG] : Invalid filepath: System
03/10/2021 10:44:44 : [INFO ] : Check rule for C:\WINDOWS\system32\lsass.exe
03/10/2021 10:44:44 : [DEBUG] : Existing and correct filepath: C:\WINDOWS\system32\svchost.exe, nothing to repair
03/10/2021 10:44:44 : [DEBUG] : Existing and correct filepath: C:\WINDOWS\system32\svchost.exe, nothing to repair
03/10/2021 10:44:44 : [DEBUG] : Invalid filepath: System
03/10/2021 10:44:44 : [DEBUG] : Invalid filepath: System
03/10/2021 10:44:44 : [DEBUG] : Existing and correct filepath: C:\WINDOWS\system32\svchost.exe, nothing to repair
03/10/2021 10:44:44 : [DEBUG] : Existing and correct filepath: C:\WINDOWS\system32\svchost.exe, nothing to repair
03/10/2021 10:44:44 : [DEBUG] : Existing and correct filepath: C:\WINDOWS\system32\svchost.exe, nothing to repair
03/10/2021 10:44:44 : [DEBUG] : Existing and correct filepath: C:\WINDOWS\system32\svchost.exe, nothing to repair
03/10/2021 10:44:44 : [DEBUG] : Invalid filepath: System
03/10/2021 10:44:44 : [DEBUG] : Invalid filepath: System
03/10/2021 10:44:44 : [DEBUG] : Invalid filepath: System
03/10/2021 10:44:44 : [DEBUG] : Invalid filepath: System
03/10/2021 10:44:44 : [DEBUG] : Invalid filepath: System
03/10/2021 10:44:44 : [DEBUG] : Invalid filepath: System
03/10/2021 10:44:44 : [DEBUG] : Invalid filepath: System
03/10/2021 10:44:44 : [DEBUG] : Invalid filepath: System
03/10/2021 10:44:44 : [DEBUG] : Invalid filepath: System
03/10/2021 10:44:44 : [DEBUG] : Invalid filepath: System
03/10/2021 10:44:44 : [DEBUG] : Invalid filepath: System
03/10/2021 10:44:44 : [DEBUG] : Invalid filepath: System
03/10/2021 10:44:44 : [DEBUG] : Existing and correct filepath: C:\WINDOWS\system32\svchost.exe, nothing to repair
03/10/2021 10:44:44 : [DEBUG] : Existing and correct filepath: C:\WINDOWS\system32\svchost.exe, nothing to repair
03/10/2021 10:44:44 : [DEBUG] : Existing and correct filepath: C:\WINDOWS\system32\svchost.exe, nothing to repair
03/10/2021 10:44:44 : [DEBUG] : Existing and correct filepath: C:\WINDOWS\system32\svchost.exe, nothing to repair
03/10/2021 10:44:44 : [DEBUG] : Existing and correct filepath: C:\WINDOWS\system32\svchost.exe, nothing to repair
03/10/2021 10:44:44 : [DEBUG] : Invalid filepath: System
03/10/2021 10:44:44 : [DEBUG] : Invalid filepath: System
04/10/2021 09:38:44 : [INFO ] : Check rule for C:\Program Files (x86)\Mozilla Firefox\firefox.exe
04/10/2021 09:38:44 : [INFO ] : Is windowsApp. Try autoRepair...
04/10/2021 09:41:41 : [INFO ] : Check rule for C:\Program Files (x86)\Mozilla Firefox\firefox.exe
04/10/2021 09:42:14 : [INFO ] : Check rule for C:\Program Files (x86)\Mozilla Firefox\firefox.exe
